2022-12-15 16:56:14.667  INFO 22152 --- [main] c.j.elk.ElkStackExampleApplication       : Starting ElkStackExampleApplication on KHAGENDRA with PID 22152 (D:\Configure-Stuff\Git\OWN_REPO\elk-stack-logging-example\target\classes started by KHAGENDRA in D:\Configure-Stuff\Git\OWN_REPO\elk-stack-logging-example)
2022-12-15 16:56:14.671  INFO 22152 --- [main] c.j.elk.ElkStackExampleApplication       : No active profile set, falling back to default profiles: default
2022-12-15 16:56:15.551  INFO 22152 --- [main] o.s.b.w.embedded.tomcat.TomcatWebServer  : Tomcat initialized with port(s): 9898 (http)
2022-12-15 16:56:15.561  INFO 22152 --- [main] o.apache.catalina.core.StandardService   : Starting service [Tomcat]
2022-12-15 16:56:15.561  INFO 22152 --- [main] org.apache.catalina.core.StandardEngine  : Starting Servlet engine: [Apache Tomcat/9.0.33]
2022-12-15 16:56:15.633  INFO 22152 --- [main] o.a.c.c.C.[Tomcat].[localhost].[/]       : Initializing Spring embedded WebApplicationContext
2022-12-15 16:56:15.633  INFO 22152 --- [main] o.s.web.context.ContextLoader            : Root WebApplicationContext: initialization completed in 894 ms
2022-12-15 16:56:15.804  INFO 22152 --- [main] o.s.s.concurrent.ThreadPoolTaskExecutor  : Initializing ExecutorService 'applicationTaskExecutor'
2022-12-15 16:56:16.045  INFO 22152 --- [main] o.s.b.w.embedded.tomcat.TomcatWebServer  : Tomcat started on port(s): 9898 (http) with context path ''
2022-12-15 16:56:16.052  INFO 22152 --- [main] c.j.elk.ElkStackExampleApplication       : Started ElkStackExampleApplication in 1.828 seconds (JVM running for 2.948)
2022-12-15 16:56:27.011  INFO 22152 --- [http-nio-9898-exec-1] o.a.c.c.C.[Tomcat].[localhost].[/]       : Initializing Spring DispatcherServlet 'dispatcherServlet'
2022-12-15 16:56:27.012  INFO 22152 --- [http-nio-9898-exec-1] o.s.web.servlet.DispatcherServlet        : Initializing Servlet 'dispatcherServlet'
2022-12-15 16:56:27.019  INFO 22152 --- [http-nio-9898-exec-1] o.s.web.servlet.DispatcherServlet        : Completed initialization in 6 ms
2022-12-15 16:56:27.056  INFO 22152 --- [http-nio-9898-exec-1] c.j.elk.ElkStackExampleApplication       : user found : User(id=1, name=John)
2022-12-15 16:56:27.562  INFO 22152 --- [http-nio-9898-exec-2] c.j.elk.ElkStackExampleApplication       : user found : User(id=1, name=John)
2022-12-15 16:56:57.223  INFO 22152 --- [http-nio-9898-exec-3] c.j.elk.ElkStackExampleApplication       : user found : User(id=2, name=Shyam)
2022-12-15 16:57:40.472 ERROR 22152 --- [http-nio-9898-exec-4] c.j.elk.ElkStackExampleApplication       : User Not Found with ID : 9
2022-12-15 17:02:34.184 ERROR 22152 --- [http-nio-9898-exec-6] c.j.elk.ElkStackExampleApplication       : User Not Found with ID : 9
2022-12-15 17:02:39.907  INFO 22152 --- [http-nio-9898-exec-7] c.j.elk.ElkStackExampleApplication       : user found : User(id=2, name=Shyam)
2022-12-15 17:03:08.367  INFO 22152 --- [http-nio-9898-exec-8] c.j.elk.ElkStackExampleApplication       : user found : User(id=3, name=Rony)
